<?xml version="1.0" encoding="UTF-8"?>
<testsuite name="OptionTest" tests="1" skipped="0" failures="0" errors="0" timestamp="2019-11-05T04:38:25" hostname="iwangs-MBP.attlocal.net" time="0.152">
  <properties/>
  <testcase name="compareOption" classname="OptionTest" time="0.152"/>
  <system-out><![CDATA[]]></system-out>
  <system-err><![CDATA[]]></system-err>
</testsuite>
